<?xml version="1.0" encoding="UTF-8"?>
<testng-results ignored="0" total="2" passed="2" failed="0" skipped="0">
  <reporter-output>
  </reporter-output>
  <suite started-at="2023-12-12T01:47:27 IST" name="Suite1" finished-at="2023-12-12T01:48:26 IST" duration-ms="58830">
    <groups>
    </groups>
    <test started-at="2023-12-12T01:47:27 IST" name="Test1" finished-at="2023-12-12T01:48:26 IST" duration-ms="58830">
      <class name="test_classes.login_test_class">
        <test-method is-config="true" signature="beforeMethod()[pri:0, instance:test_classes.login_test_class@7526515b]" started-at="2023-12-12T01:47:27 IST" name="beforeMethod" finished-at="2023-12-12T01:48:14 IST" duration-ms="47459" status="PASS">
          <reporter-output>
          </reporter-output>
        </test-method> <!-- beforeMethod -->
        <test-method signature="varify_email_pass()[pri:0, instance:test_classes.login_test_class@7526515b]" started-at="2023-12-12T01:48:14 IST" name="varify_email_pass" finished-at="2023-12-12T01:48:15 IST" duration-ms="224" status="PASS">
          <reporter-output>
          </reporter-output>
        </test-method> <!-- varify_email_pass -->
        <test-method is-config="true" signature="AfterTest()[pri:0, instance:test_classes.login_test_class@7526515b]" started-at="2023-12-12T01:48:15 IST" name="AfterTest" finished-at="2023-12-12T01:48:19 IST" duration-ms="4547" status="PASS">
          <reporter-output>
          </reporter-output>
        </test-method> <!-- AfterTest -->
        <test-method is-config="true" signature="beforeMethod()[pri:0, instance:test_classes.login_test_class@7526515b]" started-at="2023-12-12T01:48:19 IST" name="beforeMethod" finished-at="2023-12-12T01:48:21 IST" duration-ms="2106" status="PASS">
          <reporter-output>
          </reporter-output>
        </test-method> <!-- beforeMethod -->
        <test-method signature="varify_title()[pri:0, instance:test_classes.login_test_class@7526515b]" started-at="2023-12-12T01:48:21 IST" name="varify_title" finished-at="2023-12-12T01:48:21 IST" duration-ms="1" status="PASS">
          <reporter-output>
          </reporter-output>
        </test-method> <!-- varify_title -->
        <test-method is-config="true" signature="AfterTest()[pri:0, instance:test_classes.login_test_class@7526515b]" started-at="2023-12-12T01:48:21 IST" name="AfterTest" finished-at="2023-12-12T01:48:26 IST" duration-ms="4436" status="PASS">
          <reporter-output>
          </reporter-output>
        </test-method> <!-- AfterTest -->
      </class> <!-- test_classes.login_test_class -->
    </test> <!-- Test1 -->
  </suite> <!-- Suite1 -->
</testng-results>
